ECHO is off.
ECHO is off.
NOTE: Using modified tcl85t.dll from https://gitenterprise.xilinx.com/ACT/vitis_hls_tcl
INFO: [HLS 200-10] Running 'C:/Xilinx/Vitis_HLS/2023.1/bin/unwrapped/win64.o/vitis_hls.exe'
INFO: [HLS 200-10] For user 'bcevans' on host '400p1t176rg0519' (Windows NT_amd64 version 6.2) on Sun Oct 29 20:37:33 +1100 2023
INFO: [HLS 200-10] In directory 'C:/SPB_Data/ELEN90096-Group-2/SRCNN'
Sourcing Tcl script 'C:/SPB_Data/ELEN90096-Group-2/SRCNN/srcnn_hls/solution1/csim.tcl'
INFO: [HLS 200-1510] Running: source C:/SPB_Data/ELEN90096-Group-2/SRCNN/srcnn_hls/solution1/csim.tcl
INFO: [HLS 200-1510] Running: open_project srcnn_hls 
INFO: [HLS 200-10] Opening project 'C:/SPB_Data/ELEN90096-Group-2/SRCNN/srcnn_hls'.
INFO: [HLS 200-1510] Running: set_top srcnn 
INFO: [HLS 200-1510] Running: add_files src/conv1.cpp 
INFO: [HLS 200-10] Adding design file 'src/conv1.cpp' to the project
INFO: [HLS 200-1510] Running: add_files src/conv2.cpp 
INFO: [HLS 200-10] Adding design file 'src/conv2.cpp' to the project
INFO: [HLS 200-1510] Running: add_files src/conv3.cpp 
INFO: [HLS 200-10] Adding design file 'src/conv3.cpp' to the project
INFO: [HLS 200-1510] Running: add_files src/srcnn.cpp 
INFO: [HLS 200-10] Adding design file 'src/srcnn.cpp' to the project
INFO: [HLS 200-1510] Running: add_files src/srcnn.h 
INFO: [HLS 200-10] Adding design file 'src/srcnn.h' to the project
INFO: [HLS 200-1510] Running: add_files -tb test/csim.cpp -cflags -Isrc -Wno-unknown-pragmas 
INFO: [HLS 200-10] Adding test bench file 'test/csim.cpp' to the project
INFO: [HLS 200-1510] Running: add_files -tb test/tb_conv1.cpp -cflags -Isrc -Wno-unknown-pragmas 
INFO: [HLS 200-10] Adding test bench file 'test/tb_conv1.cpp' to the project
INFO: [HLS 200-1510] Running: add_files -tb test/tb_set14.cpp -cflags -Isrc -Wno-unknown-pragmas 
INFO: [HLS 200-10] Adding test bench file 'test/tb_set14.cpp' to the project
INFO: [HLS 200-1510] Running: add_files -tb test/tb_srcnn.cpp -cflags -Isrc -Wno-unknown-pragmas 
INFO: [HLS 200-10] Adding test bench file 'test/tb_srcnn.cpp' to the project
INFO: [HLS 200-1510] Running: add_files -tb test/util.cpp -cflags -Isrc -Wno-unknown-pragmas 
INFO: [HLS 200-10] Adding test bench file 'test/util.cpp' to the project
INFO: [HLS 200-1510] Running: add_files -tb test/util.h -cflags -Isrc -Wno-unknown-pragmas 
INFO: [HLS 200-10] Adding test bench file 'test/util.h' to the project
INFO: [HLS 200-1510] Running: add_files -tb test/output -cflags -Wno-unknown-pragmas 
INFO: [HLS 200-10] Adding test bench file 'test/output' to the project
INFO: [HLS 200-1510] Running: add_files -tb test/set14 -cflags -Wno-unknown-pragmas 
INFO: [HLS 200-10] Adding test bench file 'test/set14' to the project
INFO: [HLS 200-1510] Running: add_files -tb test/set5 -cflags -Wno-unknown-pragmas 
INFO: [HLS 200-10] Adding test bench file 'test/set5' to the project
INFO: [HLS 200-1510] Running: add_files -tb src/weights -cflags -Wno-unknown-pragmas 
INFO: [HLS 200-10] Adding test bench file 'src/weights' to the project
INFO: [HLS 200-1510] Running: open_solution solution1 -flow_target vivado 
INFO: [HLS 200-10] Opening solution 'C:/SPB_Data/ELEN90096-Group-2/SRCNN/srcnn_hls/solution1'.
INFO: [SYN 201-201] Setting up clock 'default' with a period of 10ns.
INFO: [HLS 200-1611] Setting target device to 'xck26-sfvc784-2LV-c'
INFO: [HLS 200-1505] Using flow_target 'vivado'
Resolution: For help on HLS 200-1505 see www.xilinx.com/cgi-bin/docs/rdoc?v=2023.1;t=hls+guidance;d=200-1505.html
INFO: [HLS 200-1510] Running: set_part xck26-sfvc784-2LV-c 
INFO: [HLS 200-1510] Running: create_clock -period 10 -name default 
INFO: [HLS 200-1510] Running: source ./srcnn_hls/solution1/directives.tcl
INFO: [HLS 200-1510] Running: set_directive_top -name srcnn srcnn 
INFO: [HLS 200-1510] Running: csim_design -clean -quiet 
INFO: [SIM 211-2] *************** CSIM start ***************
INFO: [SIM 211-4] CSIM will launch GCC as the compiler.
INFO: [HLS 200-2036] Building debug C Simulation binaries
   Compiling ../../../../test/csim.cpp in debug mode
   Compiling ../../../../test/tb_conv1.cpp in debug mode
   Compiling ../../../../test/tb_set14.cpp in debug mode
   Compiling ../../../../test/tb_srcnn.cpp in debug mode
   Compiling ../../../../test/util.cpp in debug mode
csim.mk:102: recipe for target 'obj/util.o' failed
In file included from C:/Xilinx/Vitis_HLS/2023.1/include/floating_point_v7_1_bitacc_cmodel.h:149:0,
                 from C:/Xilinx/Vitis_HLS/2023.1/include/hls_fpo.h:143,
                 from C:/Xilinx/Vitis_HLS/2023.1/include/etc/hls_half_fpo.h:18,
                 from C:/Xilinx/Vitis_HLS/2023.1/include/hls_half.h:25,
                 from C:/Xilinx/Vitis_HLS/2023.1/include/etc/ap_private.h:52,
                 from C:/Xilinx/Vitis_HLS/2023.1/include/etc/ap_common.h:666,
                 from C:/Xilinx/Vitis_HLS/2023.1/include/ap_fixed.h:9,
                 from ../../../../src/srcnn.h:4,
                 from ../../../../test/tb_conv1.cpp:4:
C:/Xilinx/Vitis_HLS/2023.1/include/gmp.h:58:0: warning: "__GMP_LIBGMP_DLL" redefined
 #define __GMP_LIBGMP_DLL  0
 
In file included from C:/Xilinx/Vitis_HLS/2023.1/include/hls_fpo.h:143:0,
                 from C:/Xilinx/Vitis_HLS/2023.1/include/etc/hls_half_fpo.h:18,
                 from C:/Xilinx/Vitis_HLS/2023.1/include/hls_half.h:25,
                 from C:/Xilinx/Vitis_HLS/2023.1/include/etc/ap_private.h:52,
                 from C:/Xilinx/Vitis_HLS/2023.1/include/etc/ap_common.h:666,
                 from C:/Xilinx/Vitis_HLS/2023.1/include/ap_fixed.h:9,
                 from ../../../../src/srcnn.h:4,
                 from ../../../../test/tb_conv1.cpp:4:
C:/Xilinx/Vitis_HLS/2023.1/include/floating_point_v7_1_bitacc_cmodel.h:141:0: note: this is the location of the previous definition
 #define __GMP_LIBGMP_DLL 1
 
In file included from C:/Xilinx/Vitis_HLS/2023.1/include/floating_point_v7_1_bitacc_cmodel.h:149:0,
                 from C:/Xilinx/Vitis_HLS/2023.1/include/hls_fpo.h:143,
                 from C:/Xilinx/Vitis_HLS/2023.1/include/etc/hls_half_fpo.h:18,
                 from C:/Xilinx/Vitis_HLS/2023.1/include/hls_half.h:25,
                 from C:/Xilinx/Vitis_HLS/2023.1/include/etc/ap_private.h:52,
                 from C:/Xilinx/Vitis_HLS/2023.1/include/etc/ap_common.h:666,
                 from C:/Xilinx/Vitis_HLS/2023.1/include/ap_fixed.h:9,
                 from ../../../../src/srcnn.h:4,
                 from ../../../../test/tb_set14.cpp:6:
C:/Xilinx/Vitis_HLS/2023.1/include/gmp.h:58:0: warning: "__GMP_LIBGMP_DLL" redefined
 #define __GMP_LIBGMP_DLL  0
 
In file included from C:/Xilinx/Vitis_HLS/2023.1/include/hls_fpo.h:143:0,
                 from C:/Xilinx/Vitis_HLS/2023.1/include/etc/hls_half_fpo.h:18,
                 from C:/Xilinx/Vitis_HLS/2023.1/include/hls_half.h:25,
                 from C:/Xilinx/Vitis_HLS/2023.1/include/etc/ap_private.h:52,
                 from C:/Xilinx/Vitis_HLS/2023.1/include/etc/ap_common.h:666,
                 from C:/Xilinx/Vitis_HLS/2023.1/include/ap_fixed.h:9,
                 from ../../../../src/srcnn.h:4,
                 from ../../../../test/tb_set14.cpp:6:
C:/Xilinx/Vitis_HLS/2023.1/include/floating_point_v7_1_bitacc_cmodel.h:141:0: note: this is the location of the previous definition
 #define __GMP_LIBGMP_DLL 1
 
In file included from C:/Xilinx/Vitis_HLS/2023.1/include/floating_point_v7_1_bitacc_cmodel.h:149:0,
                 from C:/Xilinx/Vitis_HLS/2023.1/include/hls_fpo.h:143,
                 from C:/Xilinx/Vitis_HLS/2023.1/include/etc/hls_half_fpo.h:18,
                 from C:/Xilinx/Vitis_HLS/2023.1/include/hls_half.h:25,
                 from C:/Xilinx/Vitis_HLS/2023.1/include/etc/ap_private.h:52,
                 from C:/Xilinx/Vitis_HLS/2023.1/include/etc/ap_common.h:666,
                 from C:/Xilinx/Vitis_HLS/2023.1/include/ap_fixed.h:9,
                 from ../../../../src/srcnn.h:4,
                 from ../../../../test/tb_srcnn.cpp:4:
C:/Xilinx/Vitis_HLS/2023.1/include/gmp.h:58:0: warning: "__GMP_LIBGMP_DLL" redefined
 #define __GMP_LIBGMP_DLL  0
 
In file included from C:/Xilinx/Vitis_HLS/2023.1/include/hls_fpo.h:143:0,
                 from C:/Xilinx/Vitis_HLS/2023.1/include/etc/hls_half_fpo.h:18,
                 from C:/Xilinx/Vitis_HLS/2023.1/include/hls_half.h:25,
                 from C:/Xilinx/Vitis_HLS/2023.1/include/etc/ap_private.h:52,
                 from C:/Xilinx/Vitis_HLS/2023.1/include/etc/ap_common.h:666,
                 from C:/Xilinx/Vitis_HLS/2023.1/include/ap_fixed.h:9,
                 from ../../../../src/srcnn.h:4,
                 from ../../../../test/tb_srcnn.cpp:4:
C:/Xilinx/Vitis_HLS/2023.1/include/floating_point_v7_1_bitacc_cmodel.h:141:0: note: this is the location of the previous definition
 #define __GMP_LIBGMP_DLL 1
 
In file included from ../../../../test/util.cpp:3:0:
../../../../test/util.h:9:17: error: 'ftmap_t' has not been declared
                 ftmap_t     *image,
                 ^~~~~~~
../../../../test/util.h:14:17: error: 'ftmap_t' has not been declared
                 ftmap_t     *ftmap,
                 ^~~~~~~
../../../../test/util.h:19:17: error: 'param_t' has not been declared
                 param_t     *param,
                 ^~~~~~~
../../../../test/util.h:23:22: error: 'ftmap_t' was not declared in this scope
 double calculate_mse(ftmap_t *img1,
                      ^~~~~~~
../../../../test/util.h:23:31: error: 'img1' was not declared in this scope
 double calculate_mse(ftmap_t *img1,
                               ^~~~
../../../../test/util.h:24:22: error: 'ftmap_t' was not declared in this scope
                      ftmap_t *img2,
                      ^~~~~~~
../../../../test/util.h:24:31: error: 'img2' was not declared in this scope
                      ftmap_t *img2,
                               ^~~~
../../../../test/util.h:25:22: error: expected primary-expression before 'int'
                      int      count);
                      ^~~
../../../../test/util.h:25:36: error: expression list treated as compound expression in initializer [-fpermissive]
                      int      count);
                                    ^
../../../../test/util.h:28:23: error: 'ftmap_t' was not declared in this scope
 double calculate_PSNR(ftmap_t *img1,
                       ^~~~~~~
../../../../test/util.h:28:32: error: 'img1' was not declared in this scope
 double calculate_PSNR(ftmap_t *img1,
                                ^~~~
../../../../test/util.h:29:8: error: 'ftmap_t' was not declared in this scope
        ftmap_t *img2,
        ^~~~~~~
../../../../test/util.h:29:17: error: 'img2' was not declared in this scope
        ftmap_t *img2,
                 ^~~~
../../../../test/util.h:30:8: error: expected primary-expression before 'int'
        int      count);
        ^~~
../../../../test/util.h:30:22: error: expression list treated as compound expression in initializer [-fpermissive]
        int      count);
                      ^
../../../../test/util.h:34:7: error: 'ftmap_t' has not been declared
       ftmap_t       *ftmap,
       ^~~~~~~
../../../../test/util.cpp:7:17: error: 'ftmap_t' has not been declared
                 ftmap_t     *image,
                 ^~~~~~~
../../../../test/util.cpp: In function 'void load_image(std::__cxx11::string, int*, int)':
../../../../test/util.cpp:20:21: error: 'ftmap_t' was not declared in this scope
         image[i] = (ftmap_t) p_flp;
                     ^~~~~~~
../../../../test/util.cpp: At global scope:
../../../../test/util.cpp:28:17: error: 'ftmap_t' has not been declared
                 ftmap_t     *ftmap,
                 ^~~~~~~
../../../../test/util.cpp: In function 'void load_ftmap(std::__cxx11::string, int*, int)':
../../../../test/util.cpp:39:21: error: 'ftmap_t' was not declared in this scope
         ftmap[i] = (ftmap_t) f;
                     ^~~~~~~
../../../../test/util.cpp: At global scope:
../../../../test/util.cpp:47:17: error: 'param_t' has not been declared
                 param_t     *param,
                 ^~~~~~~
../../../../test/util.cpp: In function 'void load_param(std::__cxx11::string, int*, int)':
../../../../test/util.cpp:58:21: error: 'param_t' was not declared in this scope
         param[i] = (param_t) p;
                     ^~~~~~~
../../../../test/util.cpp: At global scope:
../../../../test/util.cpp:65:22: error: redefinition of 'double calculate_mse'
 double calculate_mse(ftmap_t *img1,
                      ^~~~~~~
In file included from ../../../../test/util.cpp:3:0:
../../../../test/util.h:23:8: note: 'double calculate_mse' previously defined here
 double calculate_mse(ftmap_t *img1,
        ^~~~~~~~~~~~~
../../../../test/util.cpp:65:22: error: 'ftmap_t' was not declared in this scope
 double calculate_mse(ftmap_t *img1,
                      ^~~~~~~
../../../../test/util.cpp:65:31: error: 'img1' was not declared in this scope
 double calculate_mse(ftmap_t *img1,
                               ^~~~
../../../../test/util.cpp:66:22: error: 'ftmap_t' was not declared in this scope
                      ftmap_t *img2,
                      ^~~~~~~
../../../../test/util.cpp:66:31: error: 'img2' was not declared in this scope
                      ftmap_t *img2,
                               ^~~~
../../../../test/util.cpp:67:22: error: expected primary-expression before 'int'
                      int      count)
                      ^~~
make: *** [obj/util.o] Error 1
ERROR: [SIM 211-100] 'csim_design' failed: compilation error(s).
INFO: [SIM 211-3] *************** CSIM finish ***************
INFO: [HLS 200-111] Finished Command csim_design CPU user time: 0 seconds. CPU system time: 0 seconds. Elapsed time: 8.887 seconds; current allocated memory: 0.727 MB.
4
    while executing
"source C:/SPB_Data/ELEN90096-Group-2/SRCNN/srcnn_hls/solution1/csim.tcl"
    invoked from within
"hls::main C:/SPB_Data/ELEN90096-Group-2/SRCNN/srcnn_hls/solution1/csim.tcl"
    ("uplevel" body line 1)
    invoked from within
"uplevel 1 hls::main {*}$newargs"
    (procedure "hls_proc" line 16)
    invoked from within
"hls_proc [info nameofexecutable] $argv"
INFO: [HLS 200-112] Total CPU user time: 1 seconds. Total CPU system time: 1 seconds. Total elapsed time: 10.763 seconds; peak allocated memory: 94.602 MB.
